2025-06-13 13:22:08 | remote_http_code: 404
2025-06-13 13:22:08 | remote_first_500: <!DOCTYPE html PUBLIC "-//W3C//DTD XHTML 1.0 Transitional//EN" "http://www.w3.org/TR/xhtml1/DTD/xhtml1-transitional.dtd"><!-- start: error -->
<html xml:lang="en" lang="en" xmlns="http://www.w3.org/1999/xhtml">
<head>
<title>LeakForum</title>
<!-- start: headerinclude -->
<!-- Primary Meta Tags -->
<meta name="title" content="LeakForum - Biggest Cracking Community"/>
<meta name="description" content="Leakforum is a cracking forum and community. We have tons of premium accounts for everyone and
2025-06-13 13:22:08 | post_key_used: 
2025-06-13 13:22:08 | login_success_detected: false
2025-06-13 13:27:57 | remote_http_code: 404
2025-06-13 13:27:57 | remote_first_500: <!DOCTYPE html PUBLIC "-//W3C//DTD XHTML 1.0 Transitional//EN" "http://www.w3.org/TR/xhtml1/DTD/xhtml1-transitional.dtd"><!-- start: error -->
<html xml:lang="en" lang="en" xmlns="http://www.w3.org/1999/xhtml">
<head>
<title>LeakForum</title>
<!-- start: headerinclude -->
<!-- Primary Meta Tags -->
<meta name="title" content="LeakForum - Biggest Cracking Community"/>
<meta name="description" content="Leakforum is a cracking forum and community. We have tons of premium accounts for everyone and
2025-06-13 13:27:57 | post_key_used: 
2025-06-13 13:27:57 | login_success_detected: false
2025-06-13 13:28:40 | remote_http_code: 404
2025-06-13 13:28:40 | remote_first_500: <!DOCTYPE html PUBLIC "-//W3C//DTD XHTML 1.0 Transitional//EN" "http://www.w3.org/TR/xhtml1/DTD/xhtml1-transitional.dtd"><!-- start: error -->
<html xml:lang="en" lang="en" xmlns="http://www.w3.org/1999/xhtml">
<head>
<title>LeakForum</title>
<!-- start: headerinclude -->
<!-- Primary Meta Tags -->
<meta name="title" content="LeakForum - Biggest Cracking Community"/>
<meta name="description" content="Leakforum is a cracking forum and community. We have tons of premium accounts for everyone and
2025-06-13 13:28:40 | post_key_used: 
2025-06-13 13:28:40 | login_success_detected: false
2025-06-13 13:40:25 | remote_http_code: 404
2025-06-13 13:40:25 | remote_first_500: <!DOCTYPE html PUBLIC "-//W3C//DTD XHTML 1.0 Transitional//EN" "http://www.w3.org/TR/xhtml1/DTD/xhtml1-transitional.dtd"><!-- start: error -->
<html xml:lang="en" lang="en" xmlns="http://www.w3.org/1999/xhtml">
<head>
<title>LeakForum</title>
<!-- start: headerinclude -->
<!-- Primary Meta Tags -->
<meta name="title" content="LeakForum - Biggest Cracking Community"/>
<meta name="description" content="Leakforum is a cracking forum and community. We have tons of premium accounts for everyone and
2025-06-13 13:40:25 | post_key_used: 
2025-06-13 13:40:25 | login_success_detected: false
2025-06-13 13:44:03 | remote_http_code: 404
2025-06-13 13:44:03 | remote_first_500: <!DOCTYPE html PUBLIC "-//W3C//DTD XHTML 1.0 Transitional//EN" "http://www.w3.org/TR/xhtml1/DTD/xhtml1-transitional.dtd"><!-- start: error -->
<html xml:lang="en" lang="en" xmlns="http://www.w3.org/1999/xhtml">
<head>
<title>LeakForum</title>
<!-- start: headerinclude -->
<!-- Primary Meta Tags -->
<meta name="title" content="LeakForum - Biggest Cracking Community"/>
<meta name="description" content="Leakforum is a cracking forum and community. We have tons of premium accounts for everyone and
2025-06-13 13:44:03 | post_key_used: 
2025-06-13 13:44:03 | login_success_detected: false
2025-06-13 13:46:52 | post_data: username=Dominikkq&password=8lKALdzf&remember=yes&action=do_login&url=https%3A%2F%2Fleakforum.io%2Findex.php&my_post_key=&submit=Login
2025-06-13 13:46:53 | remote_http_code: 404
2025-06-13 13:46:53 | remote_first_1000: <!DOCTYPE html PUBLIC "-//W3C//DTD XHTML 1.0 Transitional//EN" "http://www.w3.org/TR/xhtml1/DTD/xhtml1-transitional.dtd"><!-- start: error -->
<html xml:lang="en" lang="en" xmlns="http://www.w3.org/1999/xhtml">
<head>
<title>LeakForum</title>
<!-- start: headerinclude -->
<!-- Primary Meta Tags -->
<meta name="title" content="LeakForum - Biggest Cracking Community"/>
<meta name="description" content="Leakforum is a cracking forum and community. We have tons of premium accounts for everyone and a veriation of cracked and leaked programs to chose from!"/>
<meta property="og:image" content="https://leakforum.io/images/cover.png" />
<meta name="theme-color" content="#396B8E"/>
<meta name="msvalidate.01" content="6BCE754E340FFBE1841EF70CA363C45D" />

<!-- Open Graph / Facebook -->
<meta property="og:type" content="website"/>
<meta property="og:url" content="https://leakforum.io/">
<meta property="og:title" content="LeakForum - Biggest Cracking Community"/>
<meta property="og:desc
2025-06-13 13:46:53 | post_key_used: 
2025-06-13 13:46:53 | contains_success_phrase: false
2025-06-13 13:46:53 | login_success_detected: false
2025-06-13 13:48:25 | post_data: username=Dominikkq&password=8lKALdzf&remember=yes&action=do_login&url=https%3A%2F%2Fleakforum.io%2Findex.php&my_post_key=&submit=Login
2025-06-13 13:48:26 | remote_http_code: 404
2025-06-13 13:48:26 | remote_first_1000: <!DOCTYPE html PUBLIC "-//W3C//DTD XHTML 1.0 Transitional//EN" "http://www.w3.org/TR/xhtml1/DTD/xhtml1-transitional.dtd"><!-- start: error -->
<html xml:lang="en" lang="en" xmlns="http://www.w3.org/1999/xhtml">
<head>
<title>LeakForum</title>
<!-- start: headerinclude -->
<!-- Primary Meta Tags -->
<meta name="title" content="LeakForum - Biggest Cracking Community"/>
<meta name="description" content="Leakforum is a cracking forum and community. We have tons of premium accounts for everyone and a veriation of cracked and leaked programs to chose from!"/>
<meta property="og:image" content="https://leakforum.io/images/cover.png" />
<meta name="theme-color" content="#396B8E"/>
<meta name="msvalidate.01" content="6BCE754E340FFBE1841EF70CA363C45D" />

<!-- Open Graph / Facebook -->
<meta property="og:type" content="website"/>
<meta property="og:url" content="https://leakforum.io/">
<meta property="og:title" content="LeakForum - Biggest Cracking Community"/>
<meta property="og:desc
2025-06-13 13:48:26 | post_key_used: 
2025-06-13 13:48:26 | contains_success_phrase: false
2025-06-13 13:48:26 | login_success_detected: false
2025-06-13 13:51:01 | post_data: username=Dominikkq&password=8lKALdzf&remember=yes&action=do_login&url=https%3A%2F%2Fleakforum.io%2Findex.php&my_post_key=&submit=Login
2025-06-13 13:51:02 | remote_http_code: 404
2025-06-13 13:51:02 | remote_first_1000: <!DOCTYPE html PUBLIC "-//W3C//DTD XHTML 1.0 Transitional//EN" "http://www.w3.org/TR/xhtml1/DTD/xhtml1-transitional.dtd"><!-- start: error -->
<html xml:lang="en" lang="en" xmlns="http://www.w3.org/1999/xhtml">
<head>
<title>LeakForum</title>
<!-- start: headerinclude -->
<!-- Primary Meta Tags -->
<meta name="title" content="LeakForum - Biggest Cracking Community"/>
<meta name="description" content="Leakforum is a cracking forum and community. We have tons of premium accounts for everyone and a veriation of cracked and leaked programs to chose from!"/>
<meta property="og:image" content="https://leakforum.io/images/cover.png" />
<meta name="theme-color" content="#396B8E"/>
<meta name="msvalidate.01" content="6BCE754E340FFBE1841EF70CA363C45D" />

<!-- Open Graph / Facebook -->
<meta property="og:type" content="website"/>
<meta property="og:url" content="https://leakforum.io/">
<meta property="og:title" content="LeakForum - Biggest Cracking Community"/>
<meta property="og:desc
2025-06-13 13:51:02 | post_key_used: 
2025-06-13 13:51:02 | contains_success_phrase: false
2025-06-13 13:51:02 | login_success_detected: false
2025-06-13 13:53:44 | login_page_http_code: 200
2025-06-13 13:53:44 | post_key_extract_failed: true
2025-06-13 13:53:44 | post_data: username=Dominikkq&password=8lKALdzf&remember=yes&action=do_login&url=https%3A%2F%2Fleakforum.io%2Findex.php&my_post_key=&submit=Login
2025-06-13 13:53:45 | remote_http_code: 404
2025-06-13 13:53:45 | remote_first_1000: <!DOCTYPE html PUBLIC "-//W3C//DTD XHTML 1.0 Transitional//EN" "http://www.w3.org/TR/xhtml1/DTD/xhtml1-transitional.dtd"><!-- start: error -->
<html xml:lang="en" lang="en" xmlns="http://www.w3.org/1999/xhtml">
<head>
<title>LeakForum</title>
<!-- start: headerinclude -->
<!-- Primary Meta Tags -->
<meta name="title" content="LeakForum - Biggest Cracking Community"/>
<meta name="description" content="Leakforum is a cracking forum and community. We have tons of premium accounts for everyone and a veriation of cracked and leaked programs to chose from!"/>
<meta property="og:image" content="https://leakforum.io/images/cover.png" />
<meta name="theme-color" content="#396B8E"/>
<meta name="msvalidate.01" content="6BCE754E340FFBE1841EF70CA363C45D" />

<!-- Open Graph / Facebook -->
<meta property="og:type" content="website"/>
<meta property="og:url" content="https://leakforum.io/">
<meta property="og:title" content="LeakForum - Biggest Cracking Community"/>
<meta property="og:desc
2025-06-13 13:53:45 | post_key_used: 
2025-06-13 13:53:45 | contains_success_phrase: false
2025-06-13 13:53:45 | login_success_detected: false
2025-06-13 13:57:36 | login_page_http_code: 200
2025-06-13 13:57:36 | post_key_extract_failed: true
2025-06-13 13:57:36 | post_data: username=Dominikkq&password=8lKALdzf&remember=yes&action=do_login&url=https%3A%2F%2Fleakforum.io%2Findex.php&my_post_key=&submit=Login
2025-06-13 13:57:36 | remote_response_saved: remote_response_20250613_135736.html
2025-06-13 13:57:36 | remote_http_code: 404
2025-06-13 13:57:36 | remote_first_1000: <!DOCTYPE html PUBLIC "-//W3C//DTD XHTML 1.0 Transitional//EN" "http://www.w3.org/TR/xhtml1/DTD/xhtml1-transitional.dtd"><!-- start: error -->
<html xml:lang="en" lang="en" xmlns="http://www.w3.org/1999/xhtml">
<head>
<title>LeakForum</title>
<!-- start: headerinclude -->
<!-- Primary Meta Tags -->
<meta name="title" content="LeakForum - Biggest Cracking Community"/>
<meta name="description" content="Leakforum is a cracking forum and community. We have tons of premium accounts for everyone and a veriation of cracked and leaked programs to chose from!"/>
<meta property="og:image" content="https://leakforum.io/images/cover.png" />
<meta name="theme-color" content="#396B8E"/>
<meta name="msvalidate.01" content="6BCE754E340FFBE1841EF70CA363C45D" />

<!-- Open Graph / Facebook -->
<meta property="og:type" content="website"/>
<meta property="og:url" content="https://leakforum.io/">
<meta property="og:title" content="LeakForum - Biggest Cracking Community"/>
<meta property="og:desc
2025-06-13 13:57:36 | post_key_used: 
2025-06-13 13:57:36 | contains_success_phrase: false
2025-06-13 13:57:36 | login_success_detected: false
2025-06-13 14:04:36 | login_page_http_code: 200
2025-06-13 14:04:36 | extracted_post_key: d0cdb0dfb1347cb4c4d83ea3497d26fc
2025-06-13 14:04:36 | post_data: username=Dominikkq&password=8lKALdzf&remember=yes&action=do_login&url=https%3A%2F%2Fleakforum.io%2Findex.php&my_post_key=d0cdb0dfb1347cb4c4d83ea3497d26fc&submit=Login
2025-06-13 14:04:37 | remote_response_saved: remote_response_20250613_140437.html
2025-06-13 14:04:37 | remote_http_code: 200
2025-06-13 14:04:37 | remote_first_1000: <!DOCTYPE html PUBLIC "-//W3C//DTD XHTML 1.0 Transitional//EN" "http://www.w3.org/TR/xhtml1/DTD/xhtml1-transitional.dtd"><!-- start: redirect -->
<html xml:lang="en" lang="en" xmlns="http://www.w3.org/1999/xhtml">
<head>
<title>LeakForum</title>
<meta http-equiv="refresh" content="2;URL=https://leakforum.io/index.php" />
<!-- start: headerinclude -->
<!-- Primary Meta Tags -->
<meta name="title" content="LeakForum - Biggest Cracking Community"/>
<meta name="description" content="Leakforum is a cracking forum and community. We have tons of premium accounts for everyone and a veriation of cracked and leaked programs to chose from!"/>
<meta property="og:image" content="https://leakforum.io/images/cover.png" />
<meta name="theme-color" content="#396B8E"/>
<meta name="msvalidate.01" content="6BCE754E340FFBE1841EF70CA363C45D" />

<!-- Open Graph / Facebook -->
<meta property="og:type" content="website"/>
<meta property="og:url" content="https://leakforum.io/">
<meta property="o
2025-06-13 14:04:37 | post_key_used: d0cdb0dfb1347cb4c4d83ea3497d26fc
2025-06-13 14:04:37 | contains_success_phrase: true
2025-06-13 14:04:37 | login_success_detected: true
2025-06-13 14:05:17 | login_page_http_code: 200
2025-06-13 14:05:17 | extracted_post_key: c74bc9d1ac6f610c60f7a20e8aa4bf88
2025-06-13 14:05:17 | post_data: username=Dominikkq&password=test&remember=yes&action=do_login&url=https%3A%2F%2Fleakforum.io%2Findex.php&my_post_key=c74bc9d1ac6f610c60f7a20e8aa4bf88&submit=Login
2025-06-13 14:05:18 | remote_response_saved: remote_response_20250613_140518.html
2025-06-13 14:05:18 | remote_http_code: 200
2025-06-13 14:05:18 | remote_first_1000: <!DOCTYPE html PUBLIC "-//W3C//DTD XHTML 1.0 Transitional//EN" "http://www.w3.org/TR/xhtml1/DTD/xhtml1-transitional.dtd"><!-- start: member_login -->
<html xml:lang="en" lang="en" xmlns="http://www.w3.org/1999/xhtml">
<head>
<title>LeakForum - Registration</title>
<!-- start: headerinclude -->
<!-- Primary Meta Tags -->
<meta name="title" content="LeakForum - Biggest Cracking Community"/>
<meta name="description" content="Leakforum is a cracking forum and community. We have tons of premium accounts for everyone and a veriation of cracked and leaked programs to chose from!"/>
<meta property="og:image" content="https://leakforum.io/images/cover.png" />
<meta name="theme-color" content="#396B8E"/>
<meta name="msvalidate.01" content="6BCE754E340FFBE1841EF70CA363C45D" />

<!-- Open Graph / Facebook -->
<meta property="og:type" content="website"/>
<meta property="og:url" content="https://leakforum.io/">
<meta property="og:title" content="LeakForum - Biggest Cracking Community"/>
2025-06-13 14:05:18 | post_key_used: c74bc9d1ac6f610c60f7a20e8aa4bf88
2025-06-13 14:05:18 | contains_success_phrase: false
2025-06-13 14:05:18 | login_success_detected: false
2025-06-13 14:05:18 | login_page_http_code: 200
2025-06-13 14:05:18 | extracted_post_key: d890eccb8059ca0a7cabeda5343fc8b3
2025-06-13 14:05:18 | post_data: username=Dominikkq&password=test&remember=yes&action=do_login&url=https%3A%2F%2Fleakforum.io%2Findex.php&my_post_key=d890eccb8059ca0a7cabeda5343fc8b3&submit=Login
2025-06-13 14:05:19 | remote_response_saved: remote_response_20250613_140519.html
2025-06-13 14:05:19 | remote_http_code: 200
2025-06-13 14:05:19 | remote_first_1000: <!DOCTYPE html PUBLIC "-//W3C//DTD XHTML 1.0 Transitional//EN" "http://www.w3.org/TR/xhtml1/DTD/xhtml1-transitional.dtd"><!-- start: member_login -->
<html xml:lang="en" lang="en" xmlns="http://www.w3.org/1999/xhtml">
<head>
<title>LeakForum - Registration</title>
<!-- start: headerinclude -->
<!-- Primary Meta Tags -->
<meta name="title" content="LeakForum - Biggest Cracking Community"/>
<meta name="description" content="Leakforum is a cracking forum and community. We have tons of premium accounts for everyone and a veriation of cracked and leaked programs to chose from!"/>
<meta property="og:image" content="https://leakforum.io/images/cover.png" />
<meta name="theme-color" content="#396B8E"/>
<meta name="msvalidate.01" content="6BCE754E340FFBE1841EF70CA363C45D" />

<!-- Open Graph / Facebook -->
<meta property="og:type" content="website"/>
<meta property="og:url" content="https://leakforum.io/">
<meta property="og:title" content="LeakForum - Biggest Cracking Community"/>
2025-06-13 14:05:19 | post_key_used: d890eccb8059ca0a7cabeda5343fc8b3
2025-06-13 14:05:19 | contains_success_phrase: false
2025-06-13 14:05:19 | login_success_detected: false
2025-06-13 14:05:36 | login_page_http_code: 200
2025-06-13 14:05:36 | extracted_post_key: 8833c6459f153c5a0e189145a0bdac9d
2025-06-13 14:05:36 | post_data: username=Dominikkq&password=barov&remember=yes&action=do_login&url=https%3A%2F%2Fleakforum.io%2Findex.php&my_post_key=8833c6459f153c5a0e189145a0bdac9d&submit=Login
2025-06-13 14:05:37 | remote_response_saved: remote_response_20250613_140537.html
2025-06-13 14:05:37 | remote_http_code: 200
2025-06-13 14:05:37 | remote_first_1000: <!DOCTYPE html PUBLIC "-//W3C//DTD XHTML 1.0 Transitional//EN" "http://www.w3.org/TR/xhtml1/DTD/xhtml1-transitional.dtd"><!-- start: member_login -->
<html xml:lang="en" lang="en" xmlns="http://www.w3.org/1999/xhtml">
<head>
<title>LeakForum - Registration</title>
<!-- start: headerinclude -->
<!-- Primary Meta Tags -->
<meta name="title" content="LeakForum - Biggest Cracking Community"/>
<meta name="description" content="Leakforum is a cracking forum and community. We have tons of premium accounts for everyone and a veriation of cracked and leaked programs to chose from!"/>
<meta property="og:image" content="https://leakforum.io/images/cover.png" />
<meta name="theme-color" content="#396B8E"/>
<meta name="msvalidate.01" content="6BCE754E340FFBE1841EF70CA363C45D" />

<!-- Open Graph / Facebook -->
<meta property="og:type" content="website"/>
<meta property="og:url" content="https://leakforum.io/">
<meta property="og:title" content="LeakForum - Biggest Cracking Community"/>
2025-06-13 14:05:37 | post_key_used: 8833c6459f153c5a0e189145a0bdac9d
2025-06-13 14:05:37 | contains_success_phrase: false
2025-06-13 14:05:37 | login_success_detected: false
2025-06-13 14:10:53 | login_page_http_code: 200
2025-06-13 14:10:53 | extracted_post_key: 11f11fe01fbeb75eb53efd684e6268c7
2025-06-13 14:10:53 | post_data: username=Dominikkq&password=8lKALdzf&remember=yes&action=do_login&url=https%3A%2F%2Fleakforum.io%2Findex.php&my_post_key=11f11fe01fbeb75eb53efd684e6268c7&submit=Login
2025-06-13 14:10:53 | remote_response_saved: remote_response_20250613_141053.html
2025-06-13 14:10:53 | remote_http_code: 200
2025-06-13 14:10:53 | remote_first_1000: <!DOCTYPE html PUBLIC "-//W3C//DTD XHTML 1.0 Transitional//EN" "http://www.w3.org/TR/xhtml1/DTD/xhtml1-transitional.dtd"><!-- start: member_login -->
<html xml:lang="en" lang="en" xmlns="http://www.w3.org/1999/xhtml">
<head>
<title>LeakForum - Registration</title>
<!-- start: headerinclude -->
<!-- Primary Meta Tags -->
<meta name="title" content="LeakForum - Biggest Cracking Community"/>
<meta name="description" content="Leakforum is a cracking forum and community. We have tons of premium accounts for everyone and a veriation of cracked and leaked programs to chose from!"/>
<meta property="og:image" content="https://leakforum.io/images/cover.png" />
<meta name="theme-color" content="#396B8E"/>
<meta name="msvalidate.01" content="6BCE754E340FFBE1841EF70CA363C45D" />

<!-- Open Graph / Facebook -->
<meta property="og:type" content="website"/>
<meta property="og:url" content="https://leakforum.io/">
<meta property="og:title" content="LeakForum - Biggest Cracking Community"/>
2025-06-13 14:10:53 | post_key_used: 11f11fe01fbeb75eb53efd684e6268c7
2025-06-13 14:10:53 | contains_success_phrase: false
2025-06-13 14:10:53 | login_success_detected: false
2025-06-13 14:32:40 | login_page_http_code: 200
2025-06-13 14:32:40 | extracted_post_key: a6942670181f9e6b7131de3ed792bb34
2025-06-13 14:32:40 | post_data: username=Dominikkq&password=8lKALdzf&remember=yes&action=do_login&url=https%3A%2F%2Fleakforum.io%2Findex.php&my_post_key=a6942670181f9e6b7131de3ed792bb34&submit=Login
2025-06-13 14:32:41 | remote_response_saved: remote_response_20250613_143241.html
2025-06-13 14:32:41 | remote_http_code: 200
2025-06-13 14:32:41 | remote_first_1000: <!DOCTYPE html PUBLIC "-//W3C//DTD XHTML 1.0 Transitional//EN" "http://www.w3.org/TR/xhtml1/DTD/xhtml1-transitional.dtd"><!-- start: member_login -->
<html xml:lang="en" lang="en" xmlns="http://www.w3.org/1999/xhtml">
<head>
<title>LeakForum - Registration</title>
<!-- start: headerinclude -->
<!-- Primary Meta Tags -->
<meta name="title" content="LeakForum - Biggest Cracking Community"/>
<meta name="description" content="Leakforum is a cracking forum and community. We have tons of premium accounts for everyone and a veriation of cracked and leaked programs to chose from!"/>
<meta property="og:image" content="https://leakforum.io/images/cover.png" />
<meta name="theme-color" content="#396B8E"/>
<meta name="msvalidate.01" content="6BCE754E340FFBE1841EF70CA363C45D" />

<!-- Open Graph / Facebook -->
<meta property="og:type" content="website"/>
<meta property="og:url" content="https://leakforum.io/">
<meta property="og:title" content="LeakForum - Biggest Cracking Community"/>
2025-06-13 14:32:41 | post_key_used: a6942670181f9e6b7131de3ed792bb34
2025-06-13 14:32:41 | contains_success_phrase: false
2025-06-13 14:32:41 | login_success_detected: false
2025-06-13 14:35:48 | login_page_http_code: 200
2025-06-13 14:35:48 | extracted_post_key: 495d9fcbd501149752919773319e3bf2
2025-06-13 14:35:48 | post_data: username=Dominikkq&password=8lKALdzf&remember=yes&action=do_login&url=https%3A%2F%2Fleakforum.io%2Findex.php&my_post_key=495d9fcbd501149752919773319e3bf2&submit=Login
2025-06-13 14:35:49 | hcaptcha_sitekey_retry: 152e2936-b3ac-46ba-9392-a0287834fda2
2025-06-13 14:35:49 | hcaptcha_create_fail: {"status":0,"request":"ERROR_SERVER_ERROR"}
2025-06-13 14:35:49 | remote_response_saved: remote_response_20250613_143549.html
2025-06-13 14:35:49 | remote_http_code: 200
2025-06-13 14:35:49 | remote_first_1000: <!DOCTYPE html PUBLIC "-//W3C//DTD XHTML 1.0 Transitional//EN" "http://www.w3.org/TR/xhtml1/DTD/xhtml1-transitional.dtd"><!-- start: member_login -->
<html xml:lang="en" lang="en" xmlns="http://www.w3.org/1999/xhtml">
<head>
<title>LeakForum - Registration</title>
<!-- start: headerinclude -->
<!-- Primary Meta Tags -->
<meta name="title" content="LeakForum - Biggest Cracking Community"/>
<meta name="description" content="Leakforum is a cracking forum and community. We have tons of premium accounts for everyone and a veriation of cracked and leaked programs to chose from!"/>
<meta property="og:image" content="https://leakforum.io/images/cover.png" />
<meta name="theme-color" content="#396B8E"/>
<meta name="msvalidate.01" content="6BCE754E340FFBE1841EF70CA363C45D" />

<!-- Open Graph / Facebook -->
<meta property="og:type" content="website"/>
<meta property="og:url" content="https://leakforum.io/">
<meta property="og:title" content="LeakForum - Biggest Cracking Community"/>
2025-06-13 14:35:49 | post_key_used: 495d9fcbd501149752919773319e3bf2
2025-06-13 14:35:49 | contains_success_phrase: false
2025-06-13 14:35:49 | login_success_detected: false
2025-06-13 14:35:50 | login_page_http_code: 200
2025-06-13 14:35:50 | extracted_post_key: 18e9f1748d4d78830a22747bf1e5006e
2025-06-13 14:35:50 | post_data: username=Dominikkq&password=8lKALdzf&remember=yes&action=do_login&url=https%3A%2F%2Fleakforum.io%2Findex.php&my_post_key=18e9f1748d4d78830a22747bf1e5006e&submit=Login
2025-06-13 14:35:50 | hcaptcha_sitekey_retry: 152e2936-b3ac-46ba-9392-a0287834fda2
2025-06-13 14:35:51 | hcaptcha_create_fail: {"status":0,"request":"ERROR_SERVER_ERROR"}
2025-06-13 14:35:51 | remote_response_saved: remote_response_20250613_143551.html
2025-06-13 14:35:51 | remote_http_code: 200
2025-06-13 14:35:51 | remote_first_1000: <!DOCTYPE html PUBLIC "-//W3C//DTD XHTML 1.0 Transitional//EN" "http://www.w3.org/TR/xhtml1/DTD/xhtml1-transitional.dtd"><!-- start: member_login -->
<html xml:lang="en" lang="en" xmlns="http://www.w3.org/1999/xhtml">
<head>
<title>LeakForum - Registration</title>
<!-- start: headerinclude -->
<!-- Primary Meta Tags -->
<meta name="title" content="LeakForum - Biggest Cracking Community"/>
<meta name="description" content="Leakforum is a cracking forum and community. We have tons of premium accounts for everyone and a veriation of cracked and leaked programs to chose from!"/>
<meta property="og:image" content="https://leakforum.io/images/cover.png" />
<meta name="theme-color" content="#396B8E"/>
<meta name="msvalidate.01" content="6BCE754E340FFBE1841EF70CA363C45D" />

<!-- Open Graph / Facebook -->
<meta property="og:type" content="website"/>
<meta property="og:url" content="https://leakforum.io/">
<meta property="og:title" content="LeakForum - Biggest Cracking Community"/>
2025-06-13 14:35:51 | post_key_used: 18e9f1748d4d78830a22747bf1e5006e
2025-06-13 14:35:51 | contains_success_phrase: false
2025-06-13 14:35:51 | login_success_detected: false
2025-06-13 14:46:01 | login_page_http_code: 200
2025-06-13 14:46:01 | extracted_post_key: 409e9aca8ac1cf8e8500cda7a59beefe
2025-06-13 14:46:01 | post_data: username=Dominikkq&password=8lKALdzf&remember=yes&action=do_login&url=https%3A%2F%2Fleakforum.io%2Findex.php&my_post_key=409e9aca8ac1cf8e8500cda7a59beefe&submit=Login
2025-06-13 14:46:02 | hcaptcha_sitekey_retry: 152e2936-b3ac-46ba-9392-a0287834fda2
2025-06-13 14:46:02 | hcaptcha_create_fail: {"status":0,"request":"ERROR_SERVER_ERROR"}
2025-06-13 14:46:02 | remote_response_saved: remote_response_20250613_144602.html
2025-06-13 14:46:02 | remote_http_code: 200
2025-06-13 14:46:02 | remote_first_1000: <!DOCTYPE html PUBLIC "-//W3C//DTD XHTML 1.0 Transitional//EN" "http://www.w3.org/TR/xhtml1/DTD/xhtml1-transitional.dtd"><!-- start: member_login -->
<html xml:lang="en" lang="en" xmlns="http://www.w3.org/1999/xhtml">
<head>
<title>LeakForum - Registration</title>
<!-- start: headerinclude -->
<!-- Primary Meta Tags -->
<meta name="title" content="LeakForum - Biggest Cracking Community"/>
<meta name="description" content="Leakforum is a cracking forum and community. We have tons of premium accounts for everyone and a veriation of cracked and leaked programs to chose from!"/>
<meta property="og:image" content="https://leakforum.io/images/cover.png" />
<meta name="theme-color" content="#396B8E"/>
<meta name="msvalidate.01" content="6BCE754E340FFBE1841EF70CA363C45D" />

<!-- Open Graph / Facebook -->
<meta property="og:type" content="website"/>
<meta property="og:url" content="https://leakforum.io/">
<meta property="og:title" content="LeakForum - Biggest Cracking Community"/>
2025-06-13 14:46:02 | post_key_used: 409e9aca8ac1cf8e8500cda7a59beefe
2025-06-13 14:46:02 | contains_success_phrase: false
2025-06-13 14:46:02 | login_success_detected: false
2025-06-13 15:51:34 | login_page_http_code: 200
2025-06-13 15:51:34 | extracted_post_key: 5b72ac4cc5bb884b4dae0acf79fedbbd
2025-06-13 15:51:34 | post_data: username=Dominikkq&password=8lKALdzf&remember=yes&action=do_login&url=https%3A%2F%2Fleakforum.io%2Findex.php&my_post_key=5b72ac4cc5bb884b4dae0acf79fedbbd&submit=Login
2025-06-13 15:51:35 | hcaptcha_sitekey_retry: 152e2936-b3ac-46ba-9392-a0287834fda2
2025-06-13 15:51:35 | hcaptcha_create_fail: {"attempt":1,"response":"{\"status\":0,\"request\":\"ERROR_SERVER_ERROR\"}"}
2025-06-13 15:51:45 | hcaptcha_create_fail: {"attempt":2,"response":"{\"status\":0,\"request\":\"ERROR_SERVER_ERROR\"}"}
2025-06-13 15:51:55 | hcaptcha_create_fail: {"attempt":3,"response":"{\"status\":0,\"request\":\"ERROR_SERVER_ERROR\"}"}
2025-06-13 15:51:55 | remote_response_saved: remote_response_20250613_155155.html
2025-06-13 15:51:55 | remote_http_code: 200
2025-06-13 15:51:55 | remote_first_1000: <!DOCTYPE html PUBLIC "-//W3C//DTD XHTML 1.0 Transitional//EN" "http://www.w3.org/TR/xhtml1/DTD/xhtml1-transitional.dtd"><!-- start: member_login -->
<html xml:lang="en" lang="en" xmlns="http://www.w3.org/1999/xhtml">
<head>
<title>LeakForum - Registration</title>
<!-- start: headerinclude -->
<!-- Primary Meta Tags -->
<meta name="title" content="LeakForum - Biggest Cracking Community"/>
<meta name="description" content="Leakforum is a cracking forum and community. We have tons of premium accounts for everyone and a veriation of cracked and leaked programs to chose from!"/>
<meta property="og:image" content="https://leakforum.io/images/cover.png" />
<meta name="theme-color" content="#396B8E"/>
<meta name="msvalidate.01" content="6BCE754E340FFBE1841EF70CA363C45D" />

<!-- Open Graph / Facebook -->
<meta property="og:type" content="website"/>
<meta property="og:url" content="https://leakforum.io/">
<meta property="og:title" content="LeakForum - Biggest Cracking Community"/>
2025-06-13 15:51:55 | post_key_used: 5b72ac4cc5bb884b4dae0acf79fedbbd
2025-06-13 15:51:55 | contains_success_phrase: false
2025-06-13 15:51:55 | login_success_detected: false
2025-06-13 15:51:56 | login_page_http_code: 200
2025-06-13 15:51:56 | extracted_post_key: b9c4107738b9b037f159c9791fdeea0c
2025-06-13 15:51:56 | post_data: username=Dominikkq&password=8lKALdzf&remember=yes&action=do_login&url=https%3A%2F%2Fleakforum.io%2Findex.php&my_post_key=b9c4107738b9b037f159c9791fdeea0c&submit=Login
2025-06-13 15:51:56 | remote_response_saved: remote_response_20250613_155156.html
2025-06-13 15:51:56 | remote_http_code: 404
2025-06-13 15:51:56 | remote_first_1000: <!DOCTYPE html PUBLIC "-//W3C//DTD XHTML 1.0 Transitional//EN" "http://www.w3.org/TR/xhtml1/DTD/xhtml1-transitional.dtd"><!-- start: error -->
<html xml:lang="en" lang="en" xmlns="http://www.w3.org/1999/xhtml">
<head>
<title>LeakForum</title>
<!-- start: headerinclude -->
<!-- Primary Meta Tags -->
<meta name="title" content="LeakForum - Biggest Cracking Community"/>
<meta name="description" content="Leakforum is a cracking forum and community. We have tons of premium accounts for everyone and a veriation of cracked and leaked programs to chose from!"/>
<meta property="og:image" content="https://leakforum.io/images/cover.png" />
<meta name="theme-color" content="#396B8E"/>
<meta name="msvalidate.01" content="6BCE754E340FFBE1841EF70CA363C45D" />

<!-- Open Graph / Facebook -->
<meta property="og:type" content="website"/>
<meta property="og:url" content="https://leakforum.io/">
<meta property="og:title" content="LeakForum - Biggest Cracking Community"/>
<meta property="og:desc
2025-06-13 15:51:56 | post_key_used: b9c4107738b9b037f159c9791fdeea0c
2025-06-13 15:51:56 | contains_success_phrase: false
2025-06-13 15:51:56 | login_success_detected: false
2025-06-13 15:54:34 | login_page_http_code: 200
2025-06-13 15:54:34 | extracted_post_key: d8d960b5f5a620940abec7bc6d0a2c47
2025-06-13 15:54:34 | post_data: username=Dominikkq&password=8lKALdzf&remember=yes&action=do_login&url=https%3A%2F%2Fleakforum.io%2Findex.php&my_post_key=d8d960b5f5a620940abec7bc6d0a2c47&submit=Login
2025-06-13 15:54:34 | remote_response_saved: remote_response_20250613_155434.html
2025-06-13 15:54:34 | remote_http_code: 404
2025-06-13 15:54:34 | remote_first_1000: <!DOCTYPE html PUBLIC "-//W3C//DTD XHTML 1.0 Transitional//EN" "http://www.w3.org/TR/xhtml1/DTD/xhtml1-transitional.dtd"><!-- start: error -->
<html xml:lang="en" lang="en" xmlns="http://www.w3.org/1999/xhtml">
<head>
<title>LeakForum</title>
<!-- start: headerinclude -->
<!-- Primary Meta Tags -->
<meta name="title" content="LeakForum - Biggest Cracking Community"/>
<meta name="description" content="Leakforum is a cracking forum and community. We have tons of premium accounts for everyone and a veriation of cracked and leaked programs to chose from!"/>
<meta property="og:image" content="https://leakforum.io/images/cover.png" />
<meta name="theme-color" content="#396B8E"/>
<meta name="msvalidate.01" content="6BCE754E340FFBE1841EF70CA363C45D" />

<!-- Open Graph / Facebook -->
<meta property="og:type" content="website"/>
<meta property="og:url" content="https://leakforum.io/">
<meta property="og:title" content="LeakForum - Biggest Cracking Community"/>
<meta property="og:desc
2025-06-13 15:54:34 | post_key_used: d8d960b5f5a620940abec7bc6d0a2c47
2025-06-13 15:54:34 | contains_success_phrase: false
2025-06-13 15:54:34 | login_success_detected: false
2025-06-13 15:57:14 | login_page_http_code: 200
2025-06-13 15:57:14 | extracted_post_key: 56add5eff7dff4edf74299caf22ca71b
2025-06-13 15:57:14 | post_data: username=Dominikkq&password=8lKALdzf&remember=yes&action=do_login&url=https%3A%2F%2Fleakforum.io%2Findex.php&my_post_key=56add5eff7dff4edf74299caf22ca71b&submit=Login
2025-06-13 15:57:15 | remote_response_saved: remote_response_20250613_155715.html
2025-06-13 15:57:15 | remote_http_code: 404
2025-06-13 15:57:15 | remote_first_1000: <!DOCTYPE html PUBLIC "-//W3C//DTD XHTML 1.0 Transitional//EN" "http://www.w3.org/TR/xhtml1/DTD/xhtml1-transitional.dtd"><!-- start: error -->
<html xml:lang="en" lang="en" xmlns="http://www.w3.org/1999/xhtml">
<head>
<title>LeakForum</title>
<!-- start: headerinclude -->
<!-- Primary Meta Tags -->
<meta name="title" content="LeakForum - Biggest Cracking Community"/>
<meta name="description" content="Leakforum is a cracking forum and community. We have tons of premium accounts for everyone and a veriation of cracked and leaked programs to chose from!"/>
<meta property="og:image" content="https://leakforum.io/images/cover.png" />
<meta name="theme-color" content="#396B8E"/>
<meta name="msvalidate.01" content="6BCE754E340FFBE1841EF70CA363C45D" />

<!-- Open Graph / Facebook -->
<meta property="og:type" content="website"/>
<meta property="og:url" content="https://leakforum.io/">
<meta property="og:title" content="LeakForum - Biggest Cracking Community"/>
<meta property="og:desc
2025-06-13 15:57:15 | post_key_used: 56add5eff7dff4edf74299caf22ca71b
2025-06-13 15:57:15 | contains_success_phrase: false
2025-06-13 15:57:15 | login_success_detected: false
2025-06-13 16:03:17 | login_page_http_code: 200
2025-06-13 16:03:17 | extracted_post_key: 233ee80e37e211e7ad5148b91ad9f929
2025-06-13 16:03:17 | post_data: username=Dominikkq&password=8lKALdzf&remember=yes&action=do_login&url=https%3A%2F%2Fleakforum.io%2Findex.php&my_post_key=233ee80e37e211e7ad5148b91ad9f929&submit=Login
2025-06-13 16:03:18 | remote_response_saved: remote_response_20250613_160318.html
2025-06-13 16:03:18 | remote_http_code: 404
2025-06-13 16:03:18 | remote_first_1000: <!DOCTYPE html PUBLIC "-//W3C//DTD XHTML 1.0 Transitional//EN" "http://www.w3.org/TR/xhtml1/DTD/xhtml1-transitional.dtd"><!-- start: error -->
<html xml:lang="en" lang="en" xmlns="http://www.w3.org/1999/xhtml">
<head>
<title>LeakForum</title>
<!-- start: headerinclude -->
<!-- Primary Meta Tags -->
<meta name="title" content="LeakForum - Biggest Cracking Community"/>
<meta name="description" content="Leakforum is a cracking forum and community. We have tons of premium accounts for everyone and a veriation of cracked and leaked programs to chose from!"/>
<meta property="og:image" content="https://leakforum.io/images/cover.png" />
<meta name="theme-color" content="#396B8E"/>
<meta name="msvalidate.01" content="6BCE754E340FFBE1841EF70CA363C45D" />

<!-- Open Graph / Facebook -->
<meta property="og:type" content="website"/>
<meta property="og:url" content="https://leakforum.io/">
<meta property="og:title" content="LeakForum - Biggest Cracking Community"/>
<meta property="og:desc
2025-06-13 16:03:18 | post_key_used: 233ee80e37e211e7ad5148b91ad9f929
2025-06-13 16:03:18 | contains_success_phrase: false
2025-06-13 16:03:18 | login_success_detected: false
2025-06-13 16:07:38 | login_page_http_code: 200
2025-06-13 16:07:38 | extracted_post_key: 7fd3b45c8428835a211e88bff0be93f4
2025-06-13 16:07:38 | post_data: username=Dominikkq&password=8lKALdzf&remember=yes&action=do_login&url=https%3A%2F%2Fleakforum.io%2Findex.php&my_post_key=7fd3b45c8428835a211e88bff0be93f4&submit=Login
2025-06-13 16:07:38 | hcaptcha_sitekey_retry: 152e2936-b3ac-46ba-9392-a0287834fda2
2025-06-13 16:07:39 | hcaptcha_balance_resp: 5
2025-06-13 16:07:39 | hcaptcha_create_fail: {"attempt":1,"response":"{\"status\":0,\"request\":\"ERROR_SERVER_ERROR\"}"}
2025-06-13 16:07:49 | hcaptcha_create_fail: {"attempt":2,"response":"{\"status\":0,\"request\":\"ERROR_SERVER_ERROR\"}"}
2025-06-13 16:07:59 | hcaptcha_create_fail: {"attempt":3,"response":"{\"status\":0,\"request\":\"ERROR_SERVER_ERROR\"}"}
2025-06-13 16:07:59 | remote_response_saved: remote_response_20250613_160759.html
2025-06-13 16:07:59 | remote_http_code: 200
2025-06-13 16:07:59 | remote_first_1000: <!DOCTYPE html PUBLIC "-//W3C//DTD XHTML 1.0 Transitional//EN" "http://www.w3.org/TR/xhtml1/DTD/xhtml1-transitional.dtd"><!-- start: member_login -->
<html xml:lang="en" lang="en" xmlns="http://www.w3.org/1999/xhtml">
<head>
<title>LeakForum - Registration</title>
<!-- start: headerinclude -->
<!-- Primary Meta Tags -->
<meta name="title" content="LeakForum - Biggest Cracking Community"/>
<meta name="description" content="Leakforum is a cracking forum and community. We have tons of premium accounts for everyone and a veriation of cracked and leaked programs to chose from!"/>
<meta property="og:image" content="https://leakforum.io/images/cover.png" />
<meta name="theme-color" content="#396B8E"/>
<meta name="msvalidate.01" content="6BCE754E340FFBE1841EF70CA363C45D" />

<!-- Open Graph / Facebook -->
<meta property="og:type" content="website"/>
<meta property="og:url" content="https://leakforum.io/">
<meta property="og:title" content="LeakForum - Biggest Cracking Community"/>
2025-06-13 16:07:59 | post_key_used: 7fd3b45c8428835a211e88bff0be93f4
2025-06-13 16:07:59 | contains_success_phrase: false
2025-06-13 16:07:59 | login_success_detected: false
2025-06-13 16:26:37 | login_page_http_code: 200
2025-06-13 16:26:37 | extracted_post_key: 43aa233e1ace374ef8bd0efc15c0352a
2025-06-13 16:26:37 | post_data: username=Dominikkq&password=8lKALdzf&remember=yes&action=do_login&url=https%3A%2F%2Fleakforum.io%2Findex.php&my_post_key=43aa233e1ace374ef8bd0efc15c0352a&submit=Login
2025-06-13 16:26:38 | remote_response_saved: remote_response_20250613_162638.html
2025-06-13 16:26:38 | remote_http_code: 200
2025-06-13 16:26:38 | remote_first_1000: <!DOCTYPE html PUBLIC "-//W3C//DTD XHTML 1.0 Transitional//EN" "http://www.w3.org/TR/xhtml1/DTD/xhtml1-transitional.dtd"><!-- start: redirect -->
<html xml:lang="en" lang="en" xmlns="http://www.w3.org/1999/xhtml">
<head>
<title>LeakForum</title>
<meta http-equiv="refresh" content="2;URL=https://leakforum.io/index.php" />
<!-- start: headerinclude -->
<!-- Primary Meta Tags -->
<meta name="title" content="LeakForum - Biggest Cracking Community"/>
<meta name="description" content="Leakforum is a cracking forum and community. We have tons of premium accounts for everyone and a veriation of cracked and leaked programs to chose from!"/>
<meta property="og:image" content="https://leakforum.io/images/cover.png" />
<meta name="theme-color" content="#396B8E"/>
<meta name="msvalidate.01" content="6BCE754E340FFBE1841EF70CA363C45D" />

<!-- Open Graph / Facebook -->
<meta property="og:type" content="website"/>
<meta property="og:url" content="https://leakforum.io/">
<meta property="o
2025-06-13 16:26:38 | post_key_used: 43aa233e1ace374ef8bd0efc15c0352a
2025-06-13 16:26:38 | contains_success_phrase: true
2025-06-13 16:26:38 | login_success_detected: true
2025-06-13 16:27:04 | login_page_http_code: 200
2025-06-13 16:27:04 | extracted_post_key: d2dc7ed2614f4ca7cb91430954b76394
2025-06-13 16:27:04 | post_data: username=Dominikkqddd&password=8lKALdzf&remember=yes&action=do_login&url=https%3A%2F%2Fleakforum.io%2Findex.php&my_post_key=d2dc7ed2614f4ca7cb91430954b76394&submit=Login
2025-06-13 16:27:04 | remote_response_saved: remote_response_20250613_162704.html
2025-06-13 16:27:04 | remote_http_code: 200
2025-06-13 16:27:04 | remote_first_1000: <!DOCTYPE html PUBLIC "-//W3C//DTD XHTML 1.0 Transitional//EN" "http://www.w3.org/TR/xhtml1/DTD/xhtml1-transitional.dtd"><!-- start: member_login -->
<html xml:lang="en" lang="en" xmlns="http://www.w3.org/1999/xhtml">
<head>
<title>LeakForum - Registration</title>
<!-- start: headerinclude -->
<!-- Primary Meta Tags -->
<meta name="title" content="LeakForum - Biggest Cracking Community"/>
<meta name="description" content="Leakforum is a cracking forum and community. We have tons of premium accounts for everyone and a veriation of cracked and leaked programs to chose from!"/>
<meta property="og:image" content="https://leakforum.io/images/cover.png" />
<meta name="theme-color" content="#396B8E"/>
<meta name="msvalidate.01" content="6BCE754E340FFBE1841EF70CA363C45D" />

<!-- Open Graph / Facebook -->
<meta property="og:type" content="website"/>
<meta property="og:url" content="https://leakforum.io/">
<meta property="og:title" content="LeakForum - Biggest Cracking Community"/>
2025-06-13 16:27:04 | post_key_used: d2dc7ed2614f4ca7cb91430954b76394
2025-06-13 16:27:04 | contains_success_phrase: false
2025-06-13 16:27:04 | login_success_detected: false
2025-06-13 16:27:19 | login_page_http_code: 200
2025-06-13 16:27:19 | extracted_post_key: 087c0140828c34f6fac2dd2c1ec8c710
2025-06-13 16:27:19 | post_data: username=Dominikkq&password=8lKALdzf&remember=no&action=do_login&url=https%3A%2F%2Fleakforum.io%2Findex.php&my_post_key=087c0140828c34f6fac2dd2c1ec8c710&submit=Login
2025-06-13 16:27:19 | remote_response_saved: remote_response_20250613_162719.html
2025-06-13 16:27:19 | remote_http_code: 200
2025-06-13 16:27:19 | remote_first_1000: <!DOCTYPE html PUBLIC "-//W3C//DTD XHTML 1.0 Transitional//EN" "http://www.w3.org/TR/xhtml1/DTD/xhtml1-transitional.dtd"><!-- start: redirect -->
<html xml:lang="en" lang="en" xmlns="http://www.w3.org/1999/xhtml">
<head>
<title>LeakForum</title>
<meta http-equiv="refresh" content="2;URL=https://leakforum.io/index.php" />
<!-- start: headerinclude -->
<!-- Primary Meta Tags -->
<meta name="title" content="LeakForum - Biggest Cracking Community"/>
<meta name="description" content="Leakforum is a cracking forum and community. We have tons of premium accounts for everyone and a veriation of cracked and leaked programs to chose from!"/>
<meta property="og:image" content="https://leakforum.io/images/cover.png" />
<meta name="theme-color" content="#396B8E"/>
<meta name="msvalidate.01" content="6BCE754E340FFBE1841EF70CA363C45D" />

<!-- Open Graph / Facebook -->
<meta property="og:type" content="website"/>
<meta property="og:url" content="https://leakforum.io/">
<meta property="o
2025-06-13 16:27:19 | post_key_used: 087c0140828c34f6fac2dd2c1ec8c710
2025-06-13 16:27:19 | contains_success_phrase: true
2025-06-13 16:27:19 | login_success_detected: true
2025-06-13 16:30:46 | login_page_http_code: 200
2025-06-13 16:30:46 | extracted_post_key: 518824156f690f1cf301f6b4370c34da
2025-06-13 16:30:46 | post_data: username=Dominikkq&password=8lKALdzf&remember=yes&action=do_login&url=https%3A%2F%2Fleakforum.io%2Findex.php&my_post_key=518824156f690f1cf301f6b4370c34da&submit=Login
2025-06-13 16:30:46 | remote_response_saved: remote_response_20250613_163046.html
2025-06-13 16:30:46 | remote_http_code: 200
2025-06-13 16:30:46 | remote_first_1000: <!DOCTYPE html PUBLIC "-//W3C//DTD XHTML 1.0 Transitional//EN" "http://www.w3.org/TR/xhtml1/DTD/xhtml1-transitional.dtd"><!-- start: redirect -->
<html xml:lang="en" lang="en" xmlns="http://www.w3.org/1999/xhtml">
<head>
<title>LeakForum</title>
<meta http-equiv="refresh" content="2;URL=https://leakforum.io/index.php" />
<!-- start: headerinclude -->
<!-- Primary Meta Tags -->
<meta name="title" content="LeakForum - Biggest Cracking Community"/>
<meta name="description" content="Leakforum is a cracking forum and community. We have tons of premium accounts for everyone and a veriation of cracked and leaked programs to chose from!"/>
<meta property="og:image" content="https://leakforum.io/images/cover.png" />
<meta name="theme-color" content="#396B8E"/>
<meta name="msvalidate.01" content="6BCE754E340FFBE1841EF70CA363C45D" />

<!-- Open Graph / Facebook -->
<meta property="og:type" content="website"/>
<meta property="og:url" content="https://leakforum.io/">
<meta property="o
2025-06-13 16:30:46 | post_key_used: 518824156f690f1cf301f6b4370c34da
2025-06-13 16:30:46 | contains_success_phrase: true
2025-06-13 16:30:46 | login_success_detected: true
2025-06-13 16:34:02 | login_page_http_code: 200
2025-06-13 16:34:02 | extracted_post_key: f1567ee317a58628c8204f518a237509
2025-06-13 16:34:02 | post_data: username=Dominikkq&password=8lKALdzf&remember=yes&action=do_login&url=https%3A%2F%2Fleakforum.io%2Findex.php&my_post_key=f1567ee317a58628c8204f518a237509&submit=Login
2025-06-13 16:34:02 | remote_response_saved: remote_response_20250613_163402.html
2025-06-13 16:34:02 | remote_http_code: 200
2025-06-13 16:34:02 | remote_first_1000: <!DOCTYPE html PUBLIC "-//W3C//DTD XHTML 1.0 Transitional//EN" "http://www.w3.org/TR/xhtml1/DTD/xhtml1-transitional.dtd"><!-- start: redirect -->
<html xml:lang="en" lang="en" xmlns="http://www.w3.org/1999/xhtml">
<head>
<title>LeakForum</title>
<meta http-equiv="refresh" content="2;URL=https://leakforum.io/index.php" />
<!-- start: headerinclude -->
<!-- Primary Meta Tags -->
<meta name="title" content="LeakForum - Biggest Cracking Community"/>
<meta name="description" content="Leakforum is a cracking forum and community. We have tons of premium accounts for everyone and a veriation of cracked and leaked programs to chose from!"/>
<meta property="og:image" content="https://leakforum.io/images/cover.png" />
<meta name="theme-color" content="#396B8E"/>
<meta name="msvalidate.01" content="6BCE754E340FFBE1841EF70CA363C45D" />

<!-- Open Graph / Facebook -->
<meta property="og:type" content="website"/>
<meta property="og:url" content="https://leakforum.io/">
<meta property="o
2025-06-13 16:34:02 | post_key_used: f1567ee317a58628c8204f518a237509
2025-06-13 16:34:02 | contains_success_phrase: true
2025-06-13 16:34:02 | login_success_detected: true
2025-06-13 16:39:11 | login_page_http_code: 200
2025-06-13 16:39:11 | extracted_post_key: 6189f1660ee4585031132b5d3a21423c
2025-06-13 16:39:11 | post_data: username=Dominikkq&password=8lKALdzf&remember=yes&action=do_login&url=https%3A%2F%2Fleakforum.io%2Findex.php&my_post_key=6189f1660ee4585031132b5d3a21423c&submit=Login
2025-06-13 16:39:12 | remote_response_saved: remote_response_20250613_163912.html
2025-06-13 16:39:12 | remote_http_code: 200
2025-06-13 16:39:12 | remote_first_1000: <!DOCTYPE html PUBLIC "-//W3C//DTD XHTML 1.0 Transitional//EN" "http://www.w3.org/TR/xhtml1/DTD/xhtml1-transitional.dtd"><!-- start: redirect -->
<html xml:lang="en" lang="en" xmlns="http://www.w3.org/1999/xhtml">
<head>
<title>LeakForum</title>
<meta http-equiv="refresh" content="2;URL=https://leakforum.io/index.php" />
<!-- start: headerinclude -->
<!-- Primary Meta Tags -->
<meta name="title" content="LeakForum - Biggest Cracking Community"/>
<meta name="description" content="Leakforum is a cracking forum and community. We have tons of premium accounts for everyone and a veriation of cracked and leaked programs to chose from!"/>
<meta property="og:image" content="https://leakforum.io/images/cover.png" />
<meta name="theme-color" content="#396B8E"/>
<meta name="msvalidate.01" content="6BCE754E340FFBE1841EF70CA363C45D" />

<!-- Open Graph / Facebook -->
<meta property="og:type" content="website"/>
<meta property="og:url" content="https://leakforum.io/">
<meta property="o
2025-06-13 16:39:12 | post_key_used: 6189f1660ee4585031132b5d3a21423c
2025-06-13 16:39:12 | contains_success_phrase: true
2025-06-13 16:39:12 | login_success_detected: true
2025-06-13 16:45:02 | login_page_http_code: 200
2025-06-13 16:45:02 | extracted_post_key: 9aca47f4add6415a62395d145ce2fd51
2025-06-13 16:45:02 | post_data: username=ddddddDominikkq&password=8lKALdzf&remember=yes&action=do_login&url=https%3A%2F%2Fleakforum.io%2Findex.php&my_post_key=9aca47f4add6415a62395d145ce2fd51&submit=Login
2025-06-13 16:45:03 | remote_response_saved: remote_response_20250613_164503.html
2025-06-13 16:45:03 | remote_http_code: 200
2025-06-13 16:45:03 | remote_first_1000: <!DOCTYPE html PUBLIC "-//W3C//DTD XHTML 1.0 Transitional//EN" "http://www.w3.org/TR/xhtml1/DTD/xhtml1-transitional.dtd"><!-- start: member_login -->
<html xml:lang="en" lang="en" xmlns="http://www.w3.org/1999/xhtml">
<head>
<title>LeakForum - Registration</title>
<!-- start: headerinclude -->
<!-- Primary Meta Tags -->
<meta name="title" content="LeakForum - Biggest Cracking Community"/>
<meta name="description" content="Leakforum is a cracking forum and community. We have tons of premium accounts for everyone and a veriation of cracked and leaked programs to chose from!"/>
<meta property="og:image" content="https://leakforum.io/images/cover.png" />
<meta name="theme-color" content="#396B8E"/>
<meta name="msvalidate.01" content="6BCE754E340FFBE1841EF70CA363C45D" />

<!-- Open Graph / Facebook -->
<meta property="og:type" content="website"/>
<meta property="og:url" content="https://leakforum.io/">
<meta property="og:title" content="LeakForum - Biggest Cracking Community"/>
2025-06-13 16:45:03 | post_key_used: 9aca47f4add6415a62395d145ce2fd51
2025-06-13 16:45:03 | contains_success_phrase: false
2025-06-13 16:45:03 | login_success_detected: false
2025-06-13 16:45:18 | login_page_http_code: 200
2025-06-13 16:45:18 | extracted_post_key: 4b5fa395f4c037329f4a47f5c8623297
2025-06-13 16:45:18 | post_data: username=Dominikkq&password=8lKALdzf&remember=yes&action=do_login&url=https%3A%2F%2Fleakforum.io%2Findex.php&my_post_key=4b5fa395f4c037329f4a47f5c8623297&submit=Login
2025-06-13 16:45:18 | remote_response_saved: remote_response_20250613_164518.html
2025-06-13 16:45:18 | remote_http_code: 200
2025-06-13 16:45:18 | remote_first_1000: <!DOCTYPE html PUBLIC "-//W3C//DTD XHTML 1.0 Transitional//EN" "http://www.w3.org/TR/xhtml1/DTD/xhtml1-transitional.dtd"><!-- start: redirect -->
<html xml:lang="en" lang="en" xmlns="http://www.w3.org/1999/xhtml">
<head>
<title>LeakForum</title>
<meta http-equiv="refresh" content="2;URL=https://leakforum.io/index.php" />
<!-- start: headerinclude -->
<!-- Primary Meta Tags -->
<meta name="title" content="LeakForum - Biggest Cracking Community"/>
<meta name="description" content="Leakforum is a cracking forum and community. We have tons of premium accounts for everyone and a veriation of cracked and leaked programs to chose from!"/>
<meta property="og:image" content="https://leakforum.io/images/cover.png" />
<meta name="theme-color" content="#396B8E"/>
<meta name="msvalidate.01" content="6BCE754E340FFBE1841EF70CA363C45D" />

<!-- Open Graph / Facebook -->
<meta property="og:type" content="website"/>
<meta property="og:url" content="https://leakforum.io/">
<meta property="o
2025-06-13 16:45:18 | post_key_used: 4b5fa395f4c037329f4a47f5c8623297
2025-06-13 16:45:18 | contains_success_phrase: true
2025-06-13 16:45:18 | login_success_detected: true
2025-06-13 16:45:19 | login_page_http_code: 200
2025-06-13 16:45:19 | extracted_post_key: 92048a666822a02a41a6a1b76193e061
2025-06-13 16:45:19 | post_data: username=Dominikkq&password=8lKALdzf&remember=yes&action=do_login&url=https%3A%2F%2Fleakforum.io%2Findex.php&my_post_key=92048a666822a02a41a6a1b76193e061&submit=Login
2025-06-13 16:45:19 | remote_response_saved: remote_response_20250613_164519.html
2025-06-13 16:45:19 | remote_http_code: 200
2025-06-13 16:45:19 | remote_first_1000: <!DOCTYPE html PUBLIC "-//W3C//DTD XHTML 1.0 Transitional//EN" "http://www.w3.org/TR/xhtml1/DTD/xhtml1-transitional.dtd"><!-- start: redirect -->
<html xml:lang="en" lang="en" xmlns="http://www.w3.org/1999/xhtml">
<head>
<title>LeakForum</title>
<meta http-equiv="refresh" content="2;URL=https://leakforum.io/index.php" />
<!-- start: headerinclude -->
<!-- Primary Meta Tags -->
<meta name="title" content="LeakForum - Biggest Cracking Community"/>
<meta name="description" content="Leakforum is a cracking forum and community. We have tons of premium accounts for everyone and a veriation of cracked and leaked programs to chose from!"/>
<meta property="og:image" content="https://leakforum.io/images/cover.png" />
<meta name="theme-color" content="#396B8E"/>
<meta name="msvalidate.01" content="6BCE754E340FFBE1841EF70CA363C45D" />

<!-- Open Graph / Facebook -->
<meta property="og:type" content="website"/>
<meta property="og:url" content="https://leakforum.io/">
<meta property="o
2025-06-13 16:45:19 | post_key_used: 92048a666822a02a41a6a1b76193e061
2025-06-13 16:45:19 | contains_success_phrase: true
2025-06-13 16:45:19 | login_success_detected: true
2025-06-13 16:49:30 | login_page_http_code: 200
2025-06-13 16:49:30 | extracted_post_key: c3b9f3cd5da41ddced838c7a3c1a4518
2025-06-13 16:49:30 | post_data: username=Dominikkqadssdd&password=8lKALdzfdaawddw&remember=yes&action=do_login&url=https%3A%2F%2Fleakforum.io%2Findex.php&my_post_key=c3b9f3cd5da41ddced838c7a3c1a4518&submit=Login
2025-06-13 16:49:31 | remote_response_saved: remote_response_20250613_164931.html
2025-06-13 16:49:31 | remote_http_code: 200
2025-06-13 16:49:31 | remote_first_1000: <!DOCTYPE html PUBLIC "-//W3C//DTD XHTML 1.0 Transitional//EN" "http://www.w3.org/TR/xhtml1/DTD/xhtml1-transitional.dtd"><!-- start: member_login -->
<html xml:lang="en" lang="en" xmlns="http://www.w3.org/1999/xhtml">
<head>
<title>LeakForum - Registration</title>
<!-- start: headerinclude -->
<!-- Primary Meta Tags -->
<meta name="title" content="LeakForum - Biggest Cracking Community"/>
<meta name="description" content="Leakforum is a cracking forum and community. We have tons of premium accounts for everyone and a veriation of cracked and leaked programs to chose from!"/>
<meta property="og:image" content="https://leakforum.io/images/cover.png" />
<meta name="theme-color" content="#396B8E"/>
<meta name="msvalidate.01" content="6BCE754E340FFBE1841EF70CA363C45D" />

<!-- Open Graph / Facebook -->
<meta property="og:type" content="website"/>
<meta property="og:url" content="https://leakforum.io/">
<meta property="og:title" content="LeakForum - Biggest Cracking Community"/>
2025-06-13 16:49:31 | post_key_used: c3b9f3cd5da41ddced838c7a3c1a4518
2025-06-13 16:49:31 | contains_success_phrase: false
2025-06-13 16:49:31 | login_success_detected: false
